0 info it worked if it ends with ok
1 verbose cli [ '/usr/local/bin/node', '/usr/local/bin/npm', 'publish' ]
2 info using npm@4.1.2
3 info using node@v7.6.0
4 verbose publish [ '.' ]
5 silly cache add args [ '.', null ]
6 verbose cache add spec .
7 silly cache add parsed spec Result {
7 silly cache add   raw: '.',
7 silly cache add   scope: null,
7 silly cache add   escapedName: null,
7 silly cache add   name: null,
7 silly cache add   rawSpec: '.',
7 silly cache add   spec: '/Users/sharon/Work/workspace/file-watcher-glob-webpack-plugin',
7 silly cache add   type: 'directory' }
8 verbose addLocalDirectory /Users/sharon/.npm/file-watcher-webpack-plugin/0.0.1/package.tgz not in flight; packing
9 verbose correctMkdir /Users/sharon/.npm correctMkdir not in flight; initializing
10 info lifecycle file-watcher-webpack-plugin@0.0.1~prepublish: file-watcher-webpack-plugin@0.0.1
11 silly lifecycle file-watcher-webpack-plugin@0.0.1~prepublish: no script for prepublish, continuing
12 info lifecycle file-watcher-webpack-plugin@0.0.1~prepare: file-watcher-webpack-plugin@0.0.1
13 silly lifecycle file-watcher-webpack-plugin@0.0.1~prepare: no script for prepare, continuing
14 verbose tar pack [ '/Users/sharon/.npm/file-watcher-webpack-plugin/0.0.1/package.tgz',
14 verbose tar pack   '/Users/sharon/Work/workspace/file-watcher-glob-webpack-plugin' ]
15 verbose tarball /Users/sharon/.npm/file-watcher-webpack-plugin/0.0.1/package.tgz
16 verbose folder /Users/sharon/Work/workspace/file-watcher-glob-webpack-plugin
17 verbose addLocalTarball adding from inside cache /Users/sharon/.npm/file-watcher-webpack-plugin/0.0.1/package.tgz
18 verbose correctMkdir /Users/sharon/.npm correctMkdir not in flight; initializing
19 silly cache afterAdd file-watcher-webpack-plugin@0.0.1
20 verbose afterAdd /Users/sharon/.npm/file-watcher-webpack-plugin/0.0.1/package/package.json not in flight; writing
21 verbose correctMkdir /Users/sharon/.npm correctMkdir not in flight; initializing
22 verbose afterAdd /Users/sharon/.npm/file-watcher-webpack-plugin/0.0.1/package/package.json written
23 silly publish { name: 'file-watcher-webpack-plugin',
23 silly publish   version: '0.0.1',
23 silly publish   description: 'file watcher according to  glob pattern for webpack',
23 silly publish   main: 'file-watcher-glob-webpack-plugin.js',
23 silly publish   scripts: { test: 'echo "Error: no test specified" && exit 1' },
23 silly publish   repository:
23 silly publish    { type: 'git',
23 silly publish      url: 'git+https://github.com/sharonlx/file-watcher-webpack-plugin.git' },
23 silly publish   keywords: [ 'file', 'watcher', 'webpack', 'plugin' ],
23 silly publish   author: { name: 'sharonli' },
23 silly publish   license: 'ISC',
23 silly publish   bugs: { url: 'https://github.com/sharonlx/file-watcher-webpack-plugin/issues' },
23 silly publish   homepage: 'https://github.com/sharonlx/file-watcher-webpack-plugin#readme',
23 silly publish   dependencies: { watch: '^1.0.2', glob: '^7.1.2', chalk: '^1.1.3' },
23 silly publish   readme: '# file-watcher-webpack-plugin\n',
23 silly publish   readmeFilename: 'README.md',
23 silly publish   gitHead: '8b566426f2451b532280974baccfe2bea02eda9e',
23 silly publish   _id: 'file-watcher-webpack-plugin@0.0.1',
23 silly publish   _shasum: '3c9d081a90992dcb5f5ed4fd83e48d84753b2959',
23 silly publish   _from: '.' }
24 info lifecycle file-watcher-webpack-plugin@0.0.1~prepublishOnly: file-watcher-webpack-plugin@0.0.1
25 silly lifecycle file-watcher-webpack-plugin@0.0.1~prepublishOnly: no script for prepublishOnly, continuing
26 verbose getPublishConfig undefined
27 silly mapToRegistry name file-watcher-webpack-plugin
28 silly mapToRegistry using default registry
29 silly mapToRegistry registry https://registry.npmjs.org/
30 silly mapToRegistry data Result {
30 silly mapToRegistry   raw: 'file-watcher-webpack-plugin',
30 silly mapToRegistry   scope: null,
30 silly mapToRegistry   escapedName: 'file-watcher-webpack-plugin',
30 silly mapToRegistry   name: 'file-watcher-webpack-plugin',
30 silly mapToRegistry   rawSpec: '',
30 silly mapToRegistry   spec: 'latest',
30 silly mapToRegistry   type: 'tag' }
31 silly mapToRegistry uri https://registry.npmjs.org/file-watcher-webpack-plugin
32 verbose publish registryBase https://registry.npmjs.org/
33 silly publish uploading /Users/sharon/.npm/file-watcher-webpack-plugin/0.0.1/package.tgz
34 verbose request uri https://registry.npmjs.org/file-watcher-webpack-plugin
35 verbose request sending authorization for write operation
36 info attempt registry request try #1 at 14:49:05
37 verbose request using bearer token for auth
38 verbose request id db89db0b29563902
39 http request PUT https://registry.npmjs.org/file-watcher-webpack-plugin
40 http 403 https://registry.npmjs.org/file-watcher-webpack-plugin
41 verbose headers { 'content-type': 'application/json',
41 verbose headers   'cache-control': 'max-age=300',
41 verbose headers   'content-length': '121',
41 verbose headers   'accept-ranges': 'bytes',
41 verbose headers   date: 'Wed, 19 Jul 2017 06:49:10 GMT',
41 verbose headers   via: '1.1 varnish',
41 verbose headers   connection: 'keep-alive',
41 verbose headers   'x-served-by': 'cache-ord1733-ORD',
41 verbose headers   'x-cache': 'MISS',
41 verbose headers   'x-cache-hits': '0',
41 verbose headers   'x-timer': 'S1500446949.367334,VS0,VE664',
41 verbose headers   vary: 'Accept-Encoding, Accept' }
42 verbose request invalidating /Users/sharon/.npm/registry.npmjs.org/file-watcher-webpack-plugin on PUT
43 error publish Failed PUT 403
44 verbose stack Error: you do not have permission to publish "file-watcher-webpack-plugin". Are you logged in as the correct user? : file-watcher-webpack-plugin
44 verbose stack     at makeError (/usr/local/lib/node_modules/npm/node_modules/npm-registry-client/lib/request.js:304:12)
44 verbose stack     at CachingRegistryClient.<anonymous> (/usr/local/lib/node_modules/npm/node_modules/npm-registry-client/lib/request.js:292:14)
44 verbose stack     at Request._callback (/usr/local/lib/node_modules/npm/node_modules/npm-registry-client/lib/request.js:212:14)
44 verbose stack     at Request.self.callback (/usr/local/lib/node_modules/npm/node_modules/request/request.js:186:22)
44 verbose stack     at emitTwo (events.js:106:13)
44 verbose stack     at Request.emit (events.js:192:7)
44 verbose stack     at Request.<anonymous> (/usr/local/lib/node_modules/npm/node_modules/request/request.js:1081:10)
44 verbose stack     at emitOne (events.js:96:13)
44 verbose stack     at Request.emit (events.js:189:7)
44 verbose stack     at IncomingMessage.<anonymous> (/usr/local/lib/node_modules/npm/node_modules/request/request.js:1001:12)
45 verbose statusCode 403
46 verbose pkgid file-watcher-webpack-plugin
47 verbose cwd /Users/sharon/Work/workspace/file-watcher-glob-webpack-plugin
48 error Darwin 16.6.0
49 error argv "/usr/local/bin/node" "/usr/local/bin/npm" "publish"
50 error node v7.6.0
51 error npm  v4.1.2
52 error code E403
53 error you do not have permission to publish "file-watcher-webpack-plugin". Are you logged in as the correct user? : file-watcher-webpack-plugin
54 error If you need help, you may report this error at:
54 error     <https://github.com/npm/npm/issues>
55 verbose exit [ 1, true ]
